[debug] [2017-10-10T00:06:02.337Z] ----------------------------------------------------------------------
[debug] [2017-10-10T00:06:02.340Z] Command:       /usr/local/bin/node /usr/local/bin/firebase serve
[debug] [2017-10-10T00:06:02.340Z] CLI Version:   3.13.1
[debug] [2017-10-10T00:06:02.340Z] Platform:      linux
[debug] [2017-10-10T00:06:02.340Z] Node Version:  v8.6.0
[debug] [2017-10-10T00:06:02.340Z] Time:          Mon Oct 09 2017 20:06:02 GMT-0400 (EDT)
[debug] [2017-10-10T00:06:02.340Z] ----------------------------------------------------------------------
[debug] 
[debug] [2017-10-10T00:06:02.348Z] > command requires scopes: ["email","openid","https://www.googleapis.com/auth/cloudplatformprojects.readonly","https://www.googleapis.com/auth/firebase","https://www.googleapis.com/auth/cloud-platform"]
[debug] [2017-10-10T00:06:02.348Z] > authorizing via signed-in user
[debug] [2017-10-10T00:06:02.349Z] >>> HTTP REQUEST GET https://admin.firebase.com/v1/projects/ec602hw2part2  
 Mon Oct 09 2017 20:06:02 GMT-0400 (EDT)
[debug] [2017-10-10T00:06:02.892Z] <<< HTTP RESPONSE 200
[debug] [2017-10-10T00:06:02.893Z] >>> HTTP REQUEST GET https://admin.firebase.com/v1/database/ec602hw2part2/tokens  
 Mon Oct 09 2017 20:06:02 GMT-0400 (EDT)
[debug] [2017-10-10T00:06:03.301Z] <<< HTTP RESPONSE 200
[info] 
[info] === Serving from '/home/tianyiz/friendlychat-web/web-start'...
[info] 
[debug] [2017-10-10T00:06:03.307Z] >>> HTTP REQUEST GET https://cloudresourcemanager.googleapis.com/v1/projects/ec602hw2part2  
 Mon Oct 09 2017 20:06:03 GMT-0400 (EDT)
[debug] [2017-10-10T00:06:03.656Z] <<< HTTP RESPONSE 200
[debug] [2017-10-10T00:06:03.657Z] >>> HTTP REQUEST GET https://mobilesdk-pa.googleapis.com/v1/projects/952805539468/clients/_:getWebAppConfig  
 Mon Oct 09 2017 20:06:03 GMT-0400 (EDT)
[debug] [2017-10-10T00:06:04.120Z] <<< HTTP RESPONSE 200
[info] i  hosting: Serving hosting files from: ./
[info] ✔  hosting: Local server: http://localhost:5000

